<?xml version="1.0" encoding="UTF-8"?>
<testsuite xmlns:xsi="http://www.w3.org/2001/XMLSchema-instance" xsi:noNamespaceSchemaLocation="https://maven.apache.org/surefire/maven-surefire-plugin/xsd/surefire-test-report-3.0.xsd" version="3.0" name="ch.hslu.exam.StudentTest" time="0.161" tests="11" errors="0" skipped="0" failures="0">
  <properties>
    <property name="java.specification.version" value="17"/>
    <property name="sun.jnu.encoding" value="UTF-8"/>
    <property name="java.class.path" value="/Users/lima/.m2/repository/org/apache/maven/surefire/surefire-booter/3.2.3/surefire-booter-3.2.3.jar:/Users/lima/.m2/repository/org/apache/maven/surefire/surefire-api/3.2.3/surefire-api-3.2.3.jar:/Users/lima/.m2/repository/org/apache/maven/surefire/surefire-logger-api/3.2.3/surefire-logger-api-3.2.3.jar:/Users/lima/.m2/repository/org/apache/maven/surefire/surefire-shared-utils/3.2.3/surefire-shared-utils-3.2.3.jar:/Users/lima/.m2/repository/org/apache/maven/surefire/surefire-extensions-spi/3.2.3/surefire-extensions-spi-3.2.3.jar:/Users/lima/Code/hslu/oop_exam/target/test-classes:/Users/lima/Code/hslu/oop_exam/target/classes:/Users/lima/.m2/repository/org/slf4j/slf4j-api/2.0.9/slf4j-api-2.0.9.jar:/Users/lima/.m2/repository/ch/qos/logback/logback-classic/1.4.14/logback-classic-1.4.14.jar:/Users/lima/.m2/repository/ch/qos/logback/logback-core/1.4.14/logback-core-1.4.14.jar:/Users/lima/.m2/repository/org/junit/jupiter/junit-jupiter-api/5.10.1/junit-jupiter-api-5.10.1.jar:/Users/lima/.m2/repository/org/opentest4j/opentest4j/1.3.0/opentest4j-1.3.0.jar:/Users/lima/.m2/repository/org/junit/platform/junit-platform-commons/1.10.1/junit-platform-commons-1.10.1.jar:/Users/lima/.m2/repository/org/apiguardian/apiguardian-api/1.1.2/apiguardian-api-1.1.2.jar:/Users/lima/.m2/repository/org/junit/jupiter/junit-jupiter-params/5.10.1/junit-jupiter-params-5.10.1.jar:/Users/lima/.m2/repository/org/junit/jupiter/junit-jupiter-engine/5.10.1/junit-jupiter-engine-5.10.1.jar:/Users/lima/.m2/repository/org/junit/platform/junit-platform-engine/1.10.1/junit-platform-engine-1.10.1.jar:/Users/lima/.m2/repository/org/assertj/assertj-core/3.24.2/assertj-core-3.24.2.jar:/Users/lima/.m2/repository/net/bytebuddy/byte-buddy/1.12.21/byte-buddy-1.12.21.jar:/Users/lima/.m2/repository/nl/jqno/equalsverifier/equalsverifier/3.15.4/equalsverifier-3.15.4.jar:/Users/lima/.m2/repository/org/objenesis/objenesis/3.3/objenesis-3.3.jar:/Users/lima/.m2/repository/org/apache/maven/surefire/surefire-junit-platform/3.2.3/surefire-junit-platform-3.2.3.jar:/Users/lima/.m2/repository/org/apache/maven/surefire/common-java5/3.2.3/common-java5-3.2.3.jar:/Users/lima/.m2/repository/org/junit/platform/junit-platform-launcher/1.10.1/junit-platform-launcher-1.10.1.jar"/>
    <property name="java.vm.vendor" value="Oracle Corporation"/>
    <property name="sun.arch.data.model" value="64"/>
    <property name="java.vendor.url" value="https://java.oracle.com/"/>
    <property name="user.timezone" value="Europe/Zurich"/>
    <property name="os.name" value="Mac OS X"/>
    <property name="java.vm.specification.version" value="17"/>
    <property name="sun.java.launcher" value="SUN_STANDARD"/>
    <property name="user.country" value="CH"/>
    <property name="sun.boot.library.path" value="/Library/Java/JavaVirtualMachines/jdk-17.jdk/Contents/Home/lib"/>
    <property name="sun.java.command" value="org.apache.maven.surefire.booter.ForkedBooter /Users/lima/Code/hslu/oop_exam/target/surefire 2024-01-14T18-05-56_930-jvmRun1 surefire-20240114180556960_1tmp surefire_0-20240114180556960_2tmp"/>
    <property name="jdk.debug" value="release"/>
    <property name="surefire.test.class.path" value="/Users/lima/Code/hslu/oop_exam/target/test-classes:/Users/lima/Code/hslu/oop_exam/target/classes:/Users/lima/.m2/repository/org/slf4j/slf4j-api/2.0.9/slf4j-api-2.0.9.jar:/Users/lima/.m2/repository/ch/qos/logback/logback-classic/1.4.14/logback-classic-1.4.14.jar:/Users/lima/.m2/repository/ch/qos/logback/logback-core/1.4.14/logback-core-1.4.14.jar:/Users/lima/.m2/repository/org/junit/jupiter/junit-jupiter-api/5.10.1/junit-jupiter-api-5.10.1.jar:/Users/lima/.m2/repository/org/opentest4j/opentest4j/1.3.0/opentest4j-1.3.0.jar:/Users/lima/.m2/repository/org/junit/platform/junit-platform-commons/1.10.1/junit-platform-commons-1.10.1.jar:/Users/lima/.m2/repository/org/apiguardian/apiguardian-api/1.1.2/apiguardian-api-1.1.2.jar:/Users/lima/.m2/repository/org/junit/jupiter/junit-jupiter-params/5.10.1/junit-jupiter-params-5.10.1.jar:/Users/lima/.m2/repository/org/junit/jupiter/junit-jupiter-engine/5.10.1/junit-jupiter-engine-5.10.1.jar:/Users/lima/.m2/repository/org/junit/platform/junit-platform-engine/1.10.1/junit-platform-engine-1.10.1.jar:/Users/lima/.m2/repository/org/assertj/assertj-core/3.24.2/assertj-core-3.24.2.jar:/Users/lima/.m2/repository/net/bytebuddy/byte-buddy/1.12.21/byte-buddy-1.12.21.jar:/Users/lima/.m2/repository/nl/jqno/equalsverifier/equalsverifier/3.15.4/equalsverifier-3.15.4.jar:/Users/lima/.m2/repository/org/objenesis/objenesis/3.3/objenesis-3.3.jar:"/>
    <property name="sun.cpu.endian" value="little"/>
    <property name="user.home" value="/Users/lima"/>
    <property name="user.language" value="en"/>
    <property name="java.specification.vendor" value="Oracle Corporation"/>
    <property name="java.version.date" value="2023-07-18"/>
    <property name="java.home" value="/Library/Java/JavaVirtualMachines/jdk-17.jdk/Contents/Home"/>
    <property name="file.separator" value="/"/>
    <property name="basedir" value="/Users/lima/Code/hslu/oop_exam"/>
    <property name="java.vm.compressedOopsMode" value="Zero based"/>
    <property name="line.separator" value="&#10;"/>
    <property name="java.vm.specification.vendor" value="Oracle Corporation"/>
    <property name="java.specification.name" value="Java Platform API Specification"/>
    <property name="sun.management.compiler" value="HotSpot 64-Bit Tiered Compilers"/>
    <property name="java.runtime.version" value="17.0.8+9-LTS-211"/>
    <property name="user.name" value="lima"/>
    <property name="path.separator" value=":"/>
    <property name="os.version" value="14.2.1"/>
    <property name="java.runtime.name" value="Java(TM) SE Runtime Environment"/>
    <property name="file.encoding" value="UTF-8"/>
    <property name="java.vm.name" value="Java HotSpot(TM) 64-Bit Server VM"/>
    <property name="localRepository" value="/Users/lima/.m2/repository"/>
    <property name="java.vendor.url.bug" value="https://bugreport.java.com/bugreport/"/>
    <property name="java.io.tmpdir" value="/var/folders/tq/g7my5z2x0n54n6rx1r18_svw0000gq/T/"/>
    <property name="java.version" value="17.0.8"/>
    <property name="user.dir" value="/Users/lima/Code/hslu/oop_exam"/>
    <property name="os.arch" value="aarch64"/>
    <property name="java.vm.specification.name" value="Java Virtual Machine Specification"/>
    <property name="native.encoding" value="UTF-8"/>
    <property name="java.library.path" value="/Users/lima/Library/Java/Extensions:/Library/Java/Extensions:/Network/Library/Java/Extensions:/System/Library/Java/Extensions:/usr/lib/java:."/>
    <property name="java.vm.info" value="mixed mode, sharing"/>
    <property name="java.vendor" value="Oracle Corporation"/>
    <property name="java.vm.version" value="17.0.8+9-LTS-211"/>
    <property name="sun.io.unicode.encoding" value="UnicodeBig"/>
    <property name="java.class.version" value="61.0"/>
  </properties>
  <testcase name="testHashCodeEqual" classname="ch.hslu.exam.StudentTest" time="0.0"/>
  <testcase name="testEqualsContract" classname="ch.hslu.exam.StudentTest" time="0.133"/>
  <testcase name="testToString" classname="ch.hslu.exam.StudentTest" time="0.004"/>
  <testcase name="testGetAverageWith3Courses" classname="ch.hslu.exam.StudentTest" time="0.002"/>
  <testcase name="testConstructorValidId" classname="ch.hslu.exam.StudentTest" time="0.0"/>
  <testcase name="testConstructorLastNameNull" classname="ch.hslu.exam.StudentTest" time="0.017"/>
  <testcase name="testConstructorLastNameInvalid" classname="ch.hslu.exam.StudentTest" time="0.001"/>
  <testcase name="testConstructorLastNameValid" classname="ch.hslu.exam.StudentTest" time="0.0"/>
  <testcase name="testConstructorInvalidIdException" classname="ch.hslu.exam.StudentTest" time="0.001"/>
  <testcase name="testConstructor" classname="ch.hslu.exam.StudentTest" time="0.0"/>
  <testcase name="testGetAverageException" classname="ch.hslu.exam.StudentTest" time="0.0"/>
</testsuite>